

ontap/volume/delete
-------------------
cluster:
  management_ip: 10.65.59.180
  name: antigua

svm:
  name: svm_alexeym101
  supported_aggregates:
  - antigua_01_SSD_1
  - antigua_02_SSD_1

volume:
  encrypt: false
  export_policy:
    name: Q_NNNNNPR01
  fractional_reserve: 0
  junction_path: /NNNNNPR01
  language: c.utf_8
  name: NNNNNPR01
  percent_snapshot_space: 5
  read_realloc: 'off'
  security_style: unix
  size: 5
  size_unit: gb
  snaplock:
    retention: {}
    type: non_snaplock
  snapshot_policy:
    name: Prod_snapshot_3_3
  space_guarantee: none
  tiering_policy:
    name: none
  type: rw
  volume_autosize:
    mode: 'off'
  volume_efficiency:
    enable_compression: true
    enable_inline_compression: true
    policy: default
    volume_efficiency: start
  wait_for_completion: true

